#
# There is insufficient memory for the Java Runtime Environment to continue.
# Native memory allocation (mmap) failed to map 266338304 bytes for G1 virtual space
# Possible reasons:
#   The system is out of physical RAM or swap space
#   The process is running with CompressedOops enabled, and the Java Heap may be blocking the growth of the native heap
# Possible solutions:
#   Reduce memory load on the system
#   Increase physical memory or swap space
#   Check if swap backing store is full
#   Decrease Java heap size (-Xmx/-Xms)
#   Decrease number of Java threads
#   Decrease Java thread stack sizes (-Xss)
#   Set larger code cache with -XX:ReservedCodeCacheSize=
#   JVM is running with Zero Based Compressed Oops mode in which the Java heap is
#     placed in the first 32GB address space. The Java Heap base address is the
#     maximum limit for the native heap growth. Please use -XX:HeapBaseMinAddress
#     to set the Java Heap base and to place the Java Heap above 32GB virtual address.
# This output file may be truncated or incomplete.
#
#  Out of Memory Error (os_windows.cpp:3552), pid=1524, tid=11520
#
# JRE version:  (17.0.9+11) (build )
# Java VM: Java HotSpot(TM) 64-Bit Server VM (17.0.9+11-LTS-201, mixed mode, sharing, tiered, compressed oops, compressed class ptrs, g1 gc, windows-amd64)
# No core dump will be written. Minidumps are not enabled by default on client versions of Windows
#

---------------  S U M M A R Y ------------

Command Line: C:\Users\user\AppData\Local\Temp\surefire5900925795357911312\surefirebooter-20240118161355004_3.jar C:\Users\user\AppData\Local\Temp\surefire5900925795357911312 2024-01-18T16-13-44_074-jvmRun1 surefire-20240118161355004_1tmp surefire_0-20240118161355004_2tmp

Host: Intel(R) Core(TM) i7-7820HQ CPU @ 2.90GHz, 8 cores, 15G,  Windows 10 , 64 bit Build 19041 (10.0.19041.3636)
Time: Thu Jan 18 16:13:55 2024 Afr. centrale Ouest elapsed time: 0.017905 seconds (0d 0h 0m 0s)

---------------  T H R E A D  ---------------

Current thread (0x000002241eeae810):  JavaThread "Unknown thread" [_thread_in_vm, id=11520, stack(0x000000950ca00000,0x000000950cb00000)]

Stack: [0x000000950ca00000,0x000000950cb00000]
Native frames: (J=compiled Java code, j=interpreted, Vv=VM code, C=native code)
V  [jvm.dll+0x678a4a]
V  [jvm.dll+0x7d9cfd]
V  [jvm.dll+0x7db60e]
V  [jvm.dll+0x7dbc73]
V  [jvm.dll+0x245e1f]
V  [jvm.dll+0x6758f9]
V  [jvm.dll+0x66a2a2]
V  [jvm.dll+0x303686]
V  [jvm.dll+0x30ac06]
V  [jvm.dll+0x35a48e]
V  [jvm.dll+0x35a6bf]
V  [jvm.dll+0x2da678]
V  [jvm.dll+0x2db5e4]
V  [jvm.dll+0x7ab6b1]
V  [jvm.dll+0x368041]
V  [jvm.dll+0x78a749]
V  [jvm.dll+0x3ebd4f]
V  [jvm.dll+0x3ed7d1]
C  [jli.dll+0x5297]
C  [ucrtbase.dll+0x21bb2]
C  [KERNEL32.DLL+0x17344]
C  [ntdll.dll+0x526b1]


---------------  P R O C E S S  ---------------

Threads class SMR info:
_java_thread_list=0x00007ffd2a8289d8, length=0, elements={
}

Java Threads: ( => current thread )

Other Threads:
  0x000002242106e9e0 GCTaskThread "GC Thread#0" [stack: 0x000000950cb00000,0x000000950cc00000] [id=20732]
  0x0000022421081630 ConcurrentGCThread "G1 Main Marker" [stack: 0x000000950cc00000,0x000000950cd00000] [id=2204]
  0x00000224210826f0 ConcurrentGCThread "G1 Conc#0" [stack: 0x000000950cd00000,0x000000950ce00000] [id=3304]

[error occurred during error reporting (printing all threads), id 0xc0000005, EXCEPTION_ACCESS_VIOLATION (0xc0000005) at pc=0x00007ffd2a05b2d7]

VM state: not at safepoint (not fully initialized)

VM Mutex/Monitor currently owned by a thread:  ([mutex/lock_event])
[0x0000022421003cd0] Heap_lock - owner thread: 0x000002241eeae810

Heap address: 0x0000000702200000, size: 4062 MB, Compressed Oops mode: Zero based, Oop shift amount: 3

CDS archive(s) mapped at: [0x0000000000000000-0x0000000000000000-0x0000000000000000), size 0, SharedBaseAddress: 0x0000000800000000, ArchiveRelocationMode: 1.
Narrow klass base: 0x0000000000000000, Narrow klass shift: 0, Narrow klass range: 0x0

GC Precious Log:
<Empty>

Heap:
 garbage-first heap   total 0K, used 0K [0x0000000702200000, 0x0000000800000000)
  region size 2048K, 0 young (0K), 0 survivors (0K)

[error occurred during error reporting (printing heap information), id 0xc0000005, EXCEPTION_ACCESS_VIOLATION (0xc0000005) at pc=0x00007ffd2a442229]

GC Heap History (0 events):
No events

Deoptimization events (0 events):
No events

Classes unloaded (0 events):
No events

Classes redefined (0 events):
No events

Internal exceptions (0 events):
No events

VM Operations (0 events):
No events

Events (1 events):
Event: 0.007 Loaded shared library C:\Program Files\Java\jdk-17\bin\java.dll


Dynamic libraries:
0x00007ff651dd0000 - 0x00007ff651de0000 	C:\Program Files\Java\jdk-17\bin\java.exe
0x00007ffdc4f90000 - 0x00007ffdc5188000 	C:\Windows\SYSTEM32\ntdll.dll
0x00007ffdc30e0000 - 0x00007ffdc319d000 	C:\Windows\System32\KERNEL32.DLL
0x00007ffdc2ce0000 - 0x00007ffdc2fd6000 	C:\Windows\System32\KERNELBASE.dll
0x00007ffdc28a0000 - 0x00007ffdc29a0000 	C:\Windows\System32\ucrtbase.dll
0x00007ffdbd530000 - 0x00007ffdbd54b000 	C:\Program Files\Java\jdk-17\bin\VCRUNTIME140.dll
0x00007ffdba9b0000 - 0x00007ffdba9c9000 	C:\Program Files\Java\jdk-17\bin\jli.dll
0x00007ffdc3890000 - 0x00007ffdc3943000 	C:\Windows\System32\ADVAPI32.dll
0x00007ffdc4d90000 - 0x00007ffdc4e2e000 	C:\Windows\System32\msvcrt.dll
0x00007ffdc3040000 - 0x00007ffdc30df000 	C:\Windows\System32\sechost.dll
0x00007ffdc32c0000 - 0x00007ffdc33e6000 	C:\Windows\System32\RPCRT4.dll
0x00007ffdc2700000 - 0x00007ffdc2727000 	C:\Windows\System32\bcrypt.dll
0x00007ffdc4720000 - 0x00007ffdc48be000 	C:\Windows\System32\USER32.dll
0x00007ffda57c0000 - 0x00007ffda5a5a000 	C:\Windows\WinSxS\amd64_microsoft.windows.common-controls_6595b64144ccf1df_6.0.19041.3636_none_60b6a03d71f818d5\COMCTL32.dll
0x00007ffdc27c0000 - 0x00007ffdc27e2000 	C:\Windows\System32\win32u.dll
0x00007ffdc36f0000 - 0x00007ffdc371c000 	C:\Windows\System32\GDI32.dll
0x00007ffdc2bc0000 - 0x00007ffdc2cda000 	C:\Windows\System32\gdi32full.dll
0x00007ffdc2660000 - 0x00007ffdc26fd000 	C:\Windows\System32\msvcp_win.dll
0x00007ffdbb6d0000 - 0x00007ffdbb6da000 	C:\Windows\SYSTEM32\VERSION.dll
0x00007ffdc3860000 - 0x00007ffdc3890000 	C:\Windows\System32\IMM32.DLL
0x00007ffdbde20000 - 0x00007ffdbde2c000 	C:\Program Files\Java\jdk-17\bin\vcruntime140_1.dll
0x00007ffd8e180000 - 0x00007ffd8e20e000 	C:\Program Files\Java\jdk-17\bin\msvcp140.dll
0x00007ffd29d70000 - 0x00007ffd2a951000 	C:\Program Files\Java\jdk-17\bin\server\jvm.dll
0x00007ffdc4ee0000 - 0x00007ffdc4ee8000 	C:\Windows\System32\PSAPI.DLL
0x00007ffdaebb0000 - 0x00007ffdaebd7000 	C:\Windows\SYSTEM32\WINMM.dll
0x00007ffdab3c0000 - 0x00007ffdab3c9000 	C:\Windows\SYSTEM32\WSOCK32.dll
0x00007ffdc4550000 - 0x00007ffdc45bb000 	C:\Windows\System32\WS2_32.dll
0x00007ffdc0ea0000 - 0x00007ffdc0eb2000 	C:\Windows\SYSTEM32\kernel.appcore.dll
0x00007ffdba9a0000 - 0x00007ffdba9aa000 	C:\Program Files\Java\jdk-17\bin\jimage.dll
0x00007ffdbfcd0000 - 0x00007ffdbfeb4000 	C:\Windows\SYSTEM32\DBGHELP.DLL
0x00007ffdab2e0000 - 0x00007ffdab314000 	C:\Windows\SYSTEM32\dbgcore.DLL
0x00007ffdc2730000 - 0x00007ffdc27b2000 	C:\Windows\System32\bcryptPrimitives.dll
0x00007ffd8e150000 - 0x00007ffd8e175000 	C:\Program Files\Java\jdk-17\bin\java.dll

dbghelp: loaded successfully - version: 4.0.5 - missing functions: none
symbol engine: initialized successfully - sym options: 0x614 - pdb path: .;C:\Program Files\Java\jdk-17\bin;C:\Windows\SYSTEM32;C:\Windows\WinSxS\amd64_microsoft.windows.common-controls_6595b64144ccf1df_6.0.19041.3636_none_60b6a03d71f818d5;C:\Program Files\Java\jdk-17\bin\server

VM Arguments:
java_command: C:\Users\user\AppData\Local\Temp\surefire5900925795357911312\surefirebooter-20240118161355004_3.jar C:\Users\user\AppData\Local\Temp\surefire5900925795357911312 2024-01-18T16-13-44_074-jvmRun1 surefire-20240118161355004_1tmp surefire_0-20240118161355004_2tmp
java_class_path (initial): C:\Users\user\AppData\Local\Temp\surefire5900925795357911312\surefirebooter-20240118161355004_3.jar
Launcher Type: SUN_STANDARD

[Global flags]
     intx CICompilerCount                          = 4                                         {product} {ergonomic}
     uint ConcGCThreads                            = 2                                         {product} {ergonomic}
     uint G1ConcRefinementThreads                  = 8                                         {product} {ergonomic}
   size_t G1HeapRegionSize                         = 2097152                                   {product} {ergonomic}
    uintx GCDrainStackTargetSize                   = 64                                        {product} {ergonomic}
   size_t InitialHeapSize                          = 266338304                                 {product} {ergonomic}
   size_t MarkStackSize                            = 4194304                                   {product} {ergonomic}
   size_t MaxHeapSize                              = 4259315712                                {product} {ergonomic}
   size_t MinHeapDeltaBytes                        = 2097152                                   {product} {ergonomic}
   size_t MinHeapSize                              = 8388608                                   {product} {ergonomic}
    uintx NonNMethodCodeHeapSize                   = 5839372                                {pd product} {ergonomic}
    uintx NonProfiledCodeHeapSize                  = 122909434                              {pd product} {ergonomic}
    uintx ProfiledCodeHeapSize                     = 122909434                              {pd product} {ergonomic}
    uintx ReservedCodeCacheSize                    = 251658240                              {pd product} {ergonomic}
     bool SegmentedCodeCache                       = true                                      {product} {ergonomic}
   size_t SoftMaxHeapSize                          = 4259315712                             {manageable} {ergonomic}
     bool UseCompressedClassPointers               = true                           {product lp64_product} {ergonomic}
     bool UseCompressedOops                        = true                           {product lp64_product} {ergonomic}
     bool UseG1GC                                  = true                                      {product} {ergonomic}
     bool UseLargePagesIndividualAllocation        = false                                  {pd product} {ergonomic}

Logging:
Log output configuration:
 #0: stdout all=warning uptime,level,tags
 #1: stderr all=off uptime,level,tags

Environment Variables:
PATH=C:\Program Files\Common Files\Oracle\Java\javapath;C:\Program Files (x86)\Common Files\Oracle\Java\javapath;C:\Windows\system32;C:\Windows;C:\Windows\System32\Wbem;C:\Windows\System32\WindowsPowerShell\v1.0\;C:\Windows\System32\OpenSSH\;C:\Program Files (x86)\NVIDIA Corporation\PhysX\Common;C:\Program Files\Git\cmd;C:\Program Files\MySQL\MySQL Server 8.0\bin;;C:\Program Files\Docker\Docker\resources\bin;C:\Program Files\nodejs\;C:\Users\user\AppData\Local\Microsoft\WindowsApps;;C:\Users\user\AppData\Local\Programs\Microsoft VS Code\bin;C:\Users\user\AppData\Roaming\npm
USERNAME=user
OS=Windows_NT
PROCESSOR_IDENTIFIER=Intel64 Family 6 Model 158 Stepping 9, GenuineIntel



---------------  S Y S T E M  ---------------

OS:
 Windows 10 , 64 bit Build 19041 (10.0.19041.3636)
OS uptime: 1 days 21:54 hours

CPU: total 8 (initial active 8) (4 cores per cpu, 2 threads per core) family 6 model 158 stepping 9 microcode 0xde, cx8, cmov, fxsr, ht, mmx, 3dnowpref, sse, sse2, sse3, ssse3, sse4.1, sse4.2, popcnt, lzcnt, tsc, tscinvbit, avx, avx2, aes, erms, clmul, bmi1, bmi2, rtm, adx, fma, vzeroupper, clflush, clflushopt

Memory: 4k page, system-wide physical 16244M (5070M free)
TotalPageFile size 18292M (AvailPageFile size 227M)
current process WorkingSet (physical memory assigned to process): 10M, peak: 10M
current process commit charge ("private bytes"): 60M, peak: 314M

vm_info: Java HotSpot(TM) 64-Bit Server VM (17.0.9+11-LTS-201) for windows-amd64 JRE (17.0.9+11-LTS-201), built on Oct 10 2023 23:16:06 by "mach5one" with MS VC++ 17.1 (VS2022)

END.
